12:32:01.199 [main                     ] DEBUG Logger               - Configured Logger
12:32:01.226 [main                     ] DEBUG GameApplication      - Logging settings
Title: Juego de Memoria
Version: 0.0
Width: 800
Height: 600
Fullscreen: false
Intro: false
Profiling: false
Single step:false
App Mode: DEVELOPER
Menu Key: ESCAPE
Stage Style: DECORATED
Scene Factory: class com.almasb.fxgl.app.scene.SceneFactory

12:32:01.752 [JavaFX Application Thread] DEBUG FXGLApplication      - Initializing FXGL
12:32:01.757 [JavaFX Application Thread] INFO  Engine               - FXGL-21.1 (27.03.2024 07.52) on WINDOWS (J:21 FX:21.0.1)
12:32:01.757 [JavaFX Application Thread] DEBUG Engine               - JRE Vendor Name: JetBrains s.r.o.
12:32:01.757 [JavaFX Application Thread] DEBUG Engine               - Running on OS: Windows 11 version 10.0
12:32:01.757 [JavaFX Application Thread] DEBUG Engine               - Architecture: amd64
12:32:01.757 [JavaFX Application Thread] INFO  Engine               - Source code and latest versions at: https://github.com/AlmasB/FXGL
12:32:01.758 [JavaFX Application Thread] INFO  Engine               -       Ask questions and discuss at: https://github.com/AlmasB/FXGL/discussions
12:32:01.758 [JavaFX Application Thread] INFO  Engine               -              Join the FXGL chat at: https://gitter.im/AlmasB/FXGL
12:32:01.888 [JavaFX Application Thread] DEBUG PrimaryStageWindow   - Creating a JavaFX scene
12:32:01.981 [JavaFX Application Thread] DEBUG PrimaryStageWindow   - Target settings size: 800.0 x 600.0
12:32:01.982 [JavaFX Application Thread] DEBUG PrimaryStageWindow   - Scaled scene size:    800.0 x 600.0
12:32:01.982 [JavaFX Application Thread] DEBUG PrimaryStageWindow   - Scaled ratio: (1.0, 1.0)
12:32:01.983 [JavaFX Application Thread] DEBUG PrimaryStageWindow   - Set initial scene to FXGLStartupScene
12:32:01.987 [JavaFX Application Thread] DEBUG PrimaryStageWindow   - Opening main window
12:32:02.123 [JavaFX Application Thread] DEBUG PrimaryStageWindow   - Window border size: (14.4000244140625, 37.5999755859375)
12:32:02.123 [JavaFX Application Thread] DEBUG PrimaryStageWindow   - Scaled size: 800.0 x 600.0
12:32:02.124 [JavaFX Application Thread] DEBUG PrimaryStageWindow   - Scaled ratio: (1.0, 1.0)
12:32:02.124 [JavaFX Application Thread] DEBUG PrimaryStageWindow   - Scene size: 800.0 x 600.0
12:32:02.124 [JavaFX Application Thread] DEBUG PrimaryStageWindow   - Stage size: 814.4000244140625 x 637.5999755859375
12:32:02.133 [FXGL Background Thread 1 ] DEBUG Engine               - Initializing environment variables
12:32:02.197 [FXGL Background Thread 1 ] DEBUG FXGLAssetLoaderServi - User app class for loading assets: class JuegoMemoria
12:32:02.197 [FXGL Background Thread 1 ] DEBUG GameApplicationServi - Applying CSS: fxgl_dark.css
12:32:02.198 [FXGL Background Thread 1 ] DEBUG FXGLAssetLoaderServi - Loading from file system: jar:file:/C:/Users/jgcal/.m2/repository/com/github/almasb/fxgl/21.1/fxgl-21.1.jar!/fxglassets/ui/css/fxgl_dark.css
12:32:02.242 [FXGL Background Thread 1 ] DEBUG GameApplicationServi - Initializing application scenes
12:32:02.297 [FXGL Background Thread 1 ] DEBUG GameWorld            - Game world initialized
12:32:02.367 [FXGL Background Thread 1 ] DEBUG PhysicsWorld         - Physics world initialized: appHeight=600, physics.ppm=50.0
12:32:02.367 [FXGL Background Thread 1 ] DEBUG PhysicsWorld         - Using strategy: BRUTE_FORCE
12:32:02.370 [FXGL Background Thread 1 ] DEBUG GameScene            - Game scene initialized: 800x600
12:32:02.382 [FXGL Background Thread 1 ] DEBUG FXGL.DefaultMenu     - createMenuBodyGameMenu()
12:32:02.397 [FXGL Background Thread 1 ] DEBUG FXGL.DefaultMenu     - createOptionsMenu()
12:32:02.407 [FXGL Background Thread 1 ] DEBUG FXGLAssetLoaderServi - Loading from file system: jar:file:/C:/Users/jgcal/.m2/repository/com/github/almasb/fxgl/21.1/fxgl-21.1.jar!/fxglassets/textures/particles/smoke.png
12:32:02.515 [FXGL Background Thread 1 ] DEBUG FXGLAssetLoaderServi - Loading from file system: jar:file:/C:/Users/jgcal/.m2/repository/com/github/almasb/fxgl/21.1/fxgl-21.1.jar!/fxglassets/textures/particles/trace_horizontal.png
12:32:02.542 [FXGL Background Thread 1 ] DEBUG GameApplicationServi - Application scenes initialized
12:32:02.561 [FXGL Background Thread 1 ] DEBUG SystemBundleService  - Loading default FXGL system data
12:32:02.561 [FXGL Background Thread 1 ] DEBUG UpdaterService       - Checking for updates
12:32:02.564 [FXGL Background Thread 4 ] DEBUG FXGLApplication      - Loading fonts
12:32:02.565 [FXGL Background Thread 4 ] DEBUG FXGLAssetLoaderServi - Loading from file system: jar:file:/C:/Users/jgcal/.m2/repository/com/github/almasb/fxgl/21.1/fxgl-21.1.jar!/fxglassets/ui/fonts/VarelaRound-Regular.ttf
12:32:02.565 [FXGL Background Thread 1 ] DEBUG FXGLApplication      - Loading default localization
12:32:02.566 [FXGL Background Thread 1 ] DEBUG FXGLAssetLoaderServi - Loading from file system: jar:file:/C:/Users/jgcal/.m2/repository/com/github/almasb/fxgl/21.1/fxgl-21.1.jar!/fxglassets/languages/english.lang
12:32:02.604 [FXGL Background Thread 1 ] INFO  FXGLApplication      - FXGL initialization took: 0.470 sec
12:32:02.605 [JavaFX Application Thread] DEBUG FXGLAssetLoaderServi - Loading from file system: jar:file:/C:/Users/jgcal/.m2/repository/com/github/almasb/fxgl/21.1/fxgl-21.1.jar!/fxglassets/textures/fxgl_icon.png
12:32:02.615 [FXGL Background Thread 4 ] DEBUG FXGLAssetLoaderServi - Loading from file system: jar:file:/C:/Users/jgcal/.m2/repository/com/github/almasb/fxgl/21.1/fxgl-21.1.jar!/fxglassets/ui/fonts/Abel-Regular.ttf
12:32:02.626 [FXGL Background Thread 4 ] DEBUG FXGLAssetLoaderServi - Loading from file system: jar:file:/C:/Users/jgcal/.m2/repository/com/github/almasb/fxgl/21.1/fxgl-21.1.jar!/fxglassets/ui/fonts/TerminalLandMono-Regular.otf
12:32:02.632 [JavaFX Application Thread] DEBUG FXGLAssetLoaderServi - Loading from file system: jar:file:/C:/Users/jgcal/.m2/repository/com/github/almasb/fxgl/21.1/fxgl-21.1.jar!/fxglassets/textures/fxgl_default_cursor.png
12:32:02.637 [FXGL Background Thread 4 ] DEBUG FXGLAssetLoaderServi - Loading from file system: jar:file:/C:/Users/jgcal/.m2/repository/com/github/almasb/fxgl/21.1/fxgl-21.1.jar!/fxglassets/ui/fonts/Courier-Prime.ttf
12:32:02.653 [JavaFX Application Thread] DEBUG Input                - Registered new binding: Screenshot - CTRL+8
12:32:02.654 [JavaFX Application Thread] DEBUG Input                - Registered new binding: System info dump - CTRL+9
12:32:02.654 [JavaFX Application Thread] DEBUG Input                - Registered new binding: Restart - CTRL+R
12:32:02.655 [JavaFX Application Thread] DEBUG Input                - Registered new binding: Toggle Debug Camera - CTRL+7
12:32:02.658 [JavaFX Application Thread] DEBUG LoopRunner           - Starting loop
12:32:02.658 [JavaFX Application Thread] DEBUG LoopRunner           - Initializing JavaFX AnimationTimerLoop
12:32:02.660 [JavaFX Application Thread] DEBUG GameApplicationServi - Starting new game
12:32:02.662 [JavaFX Application Thread] DEBUG Input                - Clearing active input actions
12:32:02.680 [JavaFX Application Thread] DEBUG GameApplicationServi - Removing overlay from FXGLStartupScene and adding to FXGLLoadingScene
12:32:02.681 [JavaFX Application Thread] DEBUG PrimaryStageWindow   - FXGLStartupScene -> FXGLLoadingScene
12:32:02.681 [JavaFX Application Thread] DEBUG GameApplicationServi - Clearing previous game
12:32:02.682 [JavaFX Application Thread] DEBUG GameScene            - Clearing game scene
12:32:02.682 [JavaFX Application Thread] DEBUG GameWorld            - Clearing game world
12:32:02.682 [JavaFX Application Thread] DEBUG PhysicsWorld         - Clearing physics world
12:32:02.684 [FXGL Background Thread 4 ] DEBUG FXGLApplication      - Initializing game
12:32:02.685 [FXGL Background Thread 4 ] INFO  FXGLApplication      - Game initialization took: 0.002 sec
12:32:02.741 [JavaFX Application Thread] DEBUG Input                - Clearing active input actions
12:32:02.750 [JavaFX Application Thread] DEBUG GameApplicationServi - Removing overlay from FXGLLoadingScene and adding to GameScene
12:32:02.750 [JavaFX Application Thread] DEBUG PrimaryStageWindow   - FXGLLoadingScene -> GameScene
12:32:05.389 [JavaFX Application Thread] DEBUG FXGLApplication      - Exiting FXGL
12:32:05.389 [JavaFX Application Thread] DEBUG LoopRunner           - Stopping loop
12:32:05.390 [JavaFX Application Thread] DEBUG SystemBundleService  - Saving FXGL system data
12:32:05.392 [JavaFX Application Thread] DEBUG FileSystemAccess     - Writing to: C:\Users\jgcal\JAVAFX\juego_memoria\system\fxgl.bundle
12:32:05.401 [JavaFX Application Thread] DEBUG Async                - Shutting down background threads
12:32:05.401 [JavaFX Application Thread] DEBUG PrimaryStageWindow   - Closing main window
12:32:05.414 [JavaFX Application Thread] DEBUG Logger               - Closing Logger
